TAXI RADIO STARTINGGetting Diecotry contents
File number 0 is ChurchillTaxiRadio.mp3
File number 1 is HousewivesTaxiRadio.mp3
File number 2 is KissMeGoodnightTaxiRadio.mp3
File number 3 is InTheMoodTaxiRadio.mp3
doing wiringpisetup
got through wiringpi !
about to play ChurchillTaxiRadio.mp3
In wait for 60 secs loop
In wait for 60 secs loop
In wait for 60 secs loop
In wait for 60 secs loop
In wait for 60 secs loop
In wait for 60 secs loop
In wait for 60 secs loop
In wait for 60 secs loop
In wait for 60 secs loop
In wait for 60 secs loop
In wait for 60 secs loop
In wait for 60 secs loop
In wait for 60 secs loop
In wait for 60 secs loop
In wait for 60 secs loop
In wait for 60 secs loop
In wait for 60 secs loop
In wait for 60 secs loop
In wait for 60 secs loop
In wait for 60 secs loop
In wait for 60 secs loop
In wait for 60 secs loop
In wait for 60 secs loop
In wait for 60 secs loop
In wait for 60 secs loop
In wait for 60 secs loop
In wait for 60 secs loop
In wait for 60 secs loop
In wait for 60 secs loop
In wait for 60 secs loop
In wait for 60 secs loop
In wait for 60 secs loop
In wait for 60 secs loop
In wait for 60 secs loop
In wait for 60 secs loop
In wait for 60 secs loop
In wait for 60 secs loop
In wait for 60 secs loop
In wait for 60 secs loop
In wait for 60 secs loop
In wait for 60 secs loop
In wait for 60 secs loop
In wait for 60 secs loop
In wait for 60 secs loop
In wait for 60 secs loop
In wait for 60 secs loop
In wait for 60 secs loop
In wait for 60 secs loop
In wait for 60 secs loop
In wait for 60 secs loop
In wait for 60 secs loop
In wait for 60 secs loop
In wait for 60 secs loop
In wait for 60 secs loop
In wait for 60 secs loop
In wait for 60 secs loop
In wait for 60 secs loop
In wait for 60 secs loop
In wait for 60 secs loop
In wait for 60 secs loop
about to play ChurchillTaxiRadio.mp3
In wait for 60 secs loop
In wait for 60 secs loop
In wait for 60 secs loop
In wait for 60 secs loop
In wait for 60 secs loop
In wait for 60 secs loop
In wait for 60 secs loop
In wait for 60 secs loop
In wait for 60 secs loop
In wait for 60 secs loop
In wait for 60 secs loop
In wait for 60 secs loop
In wait for 60 secs loop
In wait for 60 secs loop
In wait for 60 secs loop
In wait for 60 secs loop
In wait for 60 secs loop
In wait for 60 secs loop
In wait for 60 secs loop
In wait for 60 secs loop
In wait for 60 secs loop
In wait for 60 secs loop
In wait for 60 secs loop
In wait for 60 secs loop
In wait for 60 secs loop
In wait for 60 secs loop
In wait for 60 secs loop
In wait for 60 secs loop
In wait for 60 secs loop
In wait for 60 secs loop
In wait for 60 secs loop
In wait for 60 secs loop
In wait for 60 secs loop
In wait for 60 secs loop
In wait for 60 secs loop
In wait for 60 secs loop
In wait for 60 secs loop
In wait for 60 secs loop
In wait for 60 secs loop
In wait for 60 secs loop
In wait for 60 secs loop
In wait for 60 secs loop
In wait for 60 secs loop
In wait for 60 secs loop
In wait for 60 secs loop
In wait for 60 secs loop
In wait for 60 secs loop
In wait for 60 secs loop
In wait for 60 secs loop
In wait for 60 secs loop
In wait for 60 secs loop
In wait for 60 secs loop
In wait for 60 secs loop
In wait for 60 secs loop
In wait for 60 secs loop
In wait for 60 secs loop
In wait for 60 secs loop
In wait for 60 secs loop
In wait for 60 secs loop
In wait for 60 secs loop
about to play InTheMoodTaxiRadio.mp3
In wait for 60 secs loop
In wait for 60 secs loop
In wait for 60 secs loop
In wait for 60 secs loop
In wait for 60 secs loop
In wait for 60 secs loop
In wait for 60 secs loop
In wait for 60 secs loop
In wait for 60 secs loop
In wait for 60 secs loop
In wait for 60 secs loop
In wait for 60 secs loop
In wait for 60 secs loop
In wait for 60 secs loop
In wait for 60 secs loop
In wait for 60 secs loop
In wait for 60 secs loop
In wait for 60 secs loop
In wait for 60 secs loop
In wait for 60 secs loop
In wait for 60 secs loop
In wait for 60 secs loop
In wait for 60 secs loop
In wait for 60 secs loop
In wait for 60 secs loop
In wait for 60 secs loop
In wait for 60 secs loop
In wait for 60 secs loop
In wait for 60 secs loop
In wait for 60 secs loop
In wait for 60 secs loop
In wait for 60 secs loop
In wait for 60 secs loop
In wait for 60 secs loop
In wait for 60 secs loop
In wait for 60 secs loop
In wait for 60 secs loop
In wait for 60 secs loop
In wait for 60 secs loop
In wait for 60 secs loop
In wait for 60 secs loop
In wait for 60 secs loop
In wait for 60 secs loop
In wait for 60 secs loop
In wait for 60 secs loop
In wait for 60 secs loop
In wait for 60 secs loop
In wait for 60 secs loop
In wait for 60 secs loop
In wait for 60 secs loop
In wait for 60 secs loop
In wait for 60 secs loop
In wait for 60 secs loop
In wait for 60 secs loop
In wait for 60 secs loop
In wait for 60 secs loop
In wait for 60 secs loop
In wait for 60 secs loop
In wait for 60 secs loop
In wait for 60 secs loop
about to play ChurchillTaxiRadio.mp3
In wait for 60 secs loop
In wait for 60 secs loop
In wait for 60 secs loop
In wait for 60 secs loop
In wait for 60 secs loop
In wait for 60 secs loop
In wait for 60 secs loop
In wait for 60 secs loop
In wait for 60 secs loop
In wait for 60 secs loop
In wait for 60 secs loop
In wait for 60 secs loop
In wait for 60 secs loop
In wait for 60 secs loop
In wait for 60 secs loop
In wait for 60 secs loop
In wait for 60 secs loop
In wait for 60 secs loop
In wait for 60 secs loop
In wait for 60 secs loop
In wait for 60 secs loop
In wait for 60 secs loop
In wait for 60 secs loop
In wait for 60 secs loop
In wait for 60 secs loop
In wait for 60 secs loop
In wait for 60 secs loop
In wait for 60 secs loop
In wait for 60 secs loop
In wait for 60 secs loop
In wait for 60 secs loop
In wait for 60 secs loop
In wait for 60 secs loop
In wait for 60 secs loop
In wait for 60 secs loop
In wait for 60 secs loop
In wait for 60 secs loop
In wait for 60 secs loop
In wait for 60 secs loop
In wait for 60 secs loop
In wait for 60 secs loop
In wait for 60 secs loop
In wait for 60 secs loop
In wait for 60 secs loop
In wait for 60 secs loop
In wait for 60 secs loop
In wait for 60 secs loop
In wait for 60 secs loop
In wait for 60 secs loop
In wait for 60 secs loop
In wait for 60 secs loop
In wait for 60 secs loop
In wait for 60 secs loop
In wait for 60 secs loop
In wait for 60 secs loop
In wait for 60 secs loop
In wait for 60 secs loop
In wait for 60 secs loop
In wait for 60 secs loop
In wait for 60 secs loop
about to play InTheMoodTaxiRadio.mp3
In wait for 60 secs loop
In wait for 60 secs loop
In wait for 60 secs loop
In wait for 60 secs loop
In wait for 60 secs loop
In wait for 60 secs loop
In wait for 60 secs loop
In wait for 60 secs loop
In wait for 60 secs loop
In wait for 60 secs loop
In wait for 60 secs loop
In wait for 60 secs loop
In wait for 60 secs loop
In wait for 60 secs loop
In wait for 60 secs loop
In wait for 60 secs loop
In wait for 60 secs loop
In wait for 60 secs loop
In wait for 60 secs loop
In wait for 60 secs loop
In wait for 60 secs loop
In wait for 60 secs loop
In wait for 60 secs loop
In wait for 60 secs loop
In wait for 60 secs loop
In wait for 60 secs loop
In wait for 60 secs loop
In wait for 60 secs loop
In wait for 60 secs loop
In wait for 60 secs loop
In wait for 60 secs loop
In wait for 60 secs loop
In wait for 60 secs loop
In wait for 60 secs loop
In wait for 60 secs loop
In wait for 60 secs loop
In wait for 60 secs loop
In wait for 60 secs loop
In wait for 60 secs loop
In wait for 60 secs loop
In wait for 60 secs loop
In wait for 60 secs loop
In wait for 60 secs loop
In wait for 60 secs loop
In wait for 60 secs loop
In wait for 60 secs loop
In wait for 60 secs loop
In wait for 60 secs loop
In wait for 60 secs loop
In wait for 60 secs loop
In wait for 60 secs loop
In wait for 60 secs loop
In wait for 60 secs loop
In wait for 60 secs loop
In wait for 60 secs loop
In wait for 60 secs loop
In wait for 60 secs loop
In wait for 60 secs loop
In wait for 60 secs loop
In wait for 60 secs loop
about to play KissMeGoodnightTaxiRadio.mp3
In wait for 60 secs loop
In wait for 60 secs loop
In wait for 60 secs loop
In wait for 60 secs loop
In wait for 60 secs loop
In wait for 60 secs loop
In wait for 60 secs loop
In wait for 60 secs loop
In wait for 60 secs loop
In wait for 60 secs loop
In wait for 60 secs loop
In wait for 60 secs loop
In wait for 60 secs loop
In wait for 60 secs loop
In wait for 60 secs loop
In wait for 60 secs loop
In wait for 60 secs loop
In wait for 60 secs loop
In wait for 60 secs loop
In wait for 60 secs loop
In wait for 60 secs loop
In wait for 60 secs loop
In wait for 60 secs loop
In wait for 60 secs loop
In wait for 60 secs loop
In wait for 60 secs loop
In wait for 60 secs loop
In wait for 60 secs loop
In wait for 60 secs loop
In wait for 60 secs loop
In wait for 60 secs loop
In wait for 60 secs loop
In wait for 60 secs loop
In wait for 60 secs loop
In wait for 60 secs loop
In wait for 60 secs loop
In wait for 60 secs loop
In wait for 60 secs loop
In wait for 60 secs loop
In wait for 60 secs loop
In wait for 60 secs loop
In wait for 60 secs loop
In wait for 60 secs loop
In wait for 60 secs loop
In wait for 60 secs loop
In wait for 60 secs loop
In wait for 60 secs loop
In wait for 60 secs loop
In wait for 60 secs loop
In wait for 60 secs loop
In wait for 60 secs loop
In wait for 60 secs loop
In wait for 60 secs loop
In wait for 60 secs loop
In wait for 60 secs loop
In wait for 60 secs loop
In wait for 60 secs loop
In wait for 60 secs loop
In wait for 60 secs loop
In wait for 60 secs loop
about to play HousewivesTaxiRadio.mp3
In wait for 60 secs loop
In wait for 60 secs loop
In wait for 60 secs loop
In wait for 60 secs loop
In wait for 60 secs loop
In wait for 60 secs loop
In wait for 60 secs loop
In wait for 60 secs loop
In wait for 60 secs loop
In wait for 60 secs loop
In wait for 60 secs loop
In wait for 60 secs loop
In wait for 60 secs loop
In wait for 60 secs loop
In wait for 60 secs loop
In wait for 60 secs loop
In wait for 60 secs loop
In wait for 60 secs loop
In wait for 60 secs loop
In wait for 60 secs loop
In wait for 60 secs loop
In wait for 60 secs loop
In wait for 60 secs loop
In wait for 60 secs loop
In wait for 60 secs loop
In wait for 60 secs loop
In wait for 60 secs loop
In wait for 60 secs loop
In wait for 60 secs loop
In wait for 60 secs loop
In wait for 60 secs loop
In wait for 60 secs loop
In wait for 60 secs loop
In wait for 60 secs loop
In wait for 60 secs loop
In wait for 60 secs loop
In wait for 60 secs loop
In wait for 60 secs loop
In wait for 60 secs loop
In wait for 60 secs loop
In wait for 60 secs loop
In wait for 60 secs loop
In wait for 60 secs loop
In wait for 60 secs loop
In wait for 60 secs loop
In wait for 60 secs loop
In wait for 60 secs loop
In wait for 60 secs loop
In wait for 60 secs loop
In wait for 60 secs loop
In wait for 60 secs loop
In wait for 60 secs loop
In wait for 60 secs loop
In wait for 60 secs loop
In wait for 60 secs loop
In wait for 60 secs loop
In wait for 60 secs loop
In wait for 60 secs loop
In wait for 60 secs loop
In wait for 60 secs loop
about to play HousewivesTaxiRadio.mp3
In wait for 60 secs loop
In wait for 60 secs loop
In wait for 60 secs loop
In wait for 60 secs loop
In wait for 60 secs loop
In wait for 60 secs loop
In wait for 60 secs loop
In wait for 60 secs loop
In wait for 60 secs loop
In wait for 60 secs loop
In wait for 60 secs loop
In wait for 60 secs loop
In wait for 60 secs loop
In wait for 60 secs loop
In wait for 60 secs loop
In wait for 60 secs loop
In wait for 60 secs loop
In wait for 60 secs loop
In wait for 60 secs loop
In wait for 60 secs loop
In wait for 60 secs loop
In wait for 60 secs loop
In wait for 60 secs loop
In wait for 60 secs loop
In wait for 60 secs loop
In wait for 60 secs loop
In wait for 60 secs loop
In wait for 60 secs loop
In wait for 60 secs loop
In wait for 60 secs loop
In wait for 60 secs loop
In wait for 60 secs loop
In wait for 60 secs loop
In wait for 60 secs loop
In wait for 60 secs loop
In wait for 60 secs loop
In wait for 60 secs loop
In wait for 60 secs loop
In wait for 60 secs loop
In wait for 60 secs loop
In wait for 60 secs loop
In wait for 60 secs loop
In wait for 60 secs loop
In wait for 60 secs loop
In wait for 60 secs loop
In wait for 60 secs loop
In wait for 60 secs loop
In wait for 60 secs loop
In wait for 60 secs loop
In wait for 60 secs loop
In wait for 60 secs loop
In wait for 60 secs loop
In wait for 60 secs loop
In wait for 60 secs loop
In wait for 60 secs loop
In wait for 60 secs loop
In wait for 60 secs loop
In wait for 60 secs loop
In wait for 60 secs loop
In wait for 60 secs loop
about to play ChurchillTaxiRadio.mp3
